[2025-05-21 11:55:55,471][__main__][INFO] - Data collection starts!
[2025-05-21 11:55:57,897][__main__][INFO] - Collected 621 valid episodes
[2025-05-21 11:55:57,897][__main__][INFO] - Data collection finished!
[2025-05-21 11:55:57,898][__main__][INFO] - Transforming list to numpy array...
[2025-05-21 11:55:57,940][__main__][INFO] - Data processing finished!
[2025-05-21 11:55:58,195][__main__][INFO] - obs_dim = 59, act_dim = 9
[2025-05-21 11:55:58,195][__main__][INFO] - Building models...
[2025-05-21 11:55:58,768][__main__][INFO] - Creating agent...
[2025-05-21 11:56:06,326][__main__][INFO] - Max logp: tensor([[191.8562],
        [ 96.5252],
        [156.4476],
        [266.8419],
        [ 75.2773],
        [ 39.0107],
        [234.1936],
        [122.2342],
        [126.4626],
        [129.1771],
        [121.6238],
        [109.1530],
        [247.1327],
        [ 35.3399],
        [216.2036],
        [237.6160],
        [126.0101],
        [184.7404],
        [176.4015],
        [ 46.9911]], device='cuda:0')
[2025-05-21 11:56:19,941][__main__][INFO] - Max logp: tensor([[149.4187],
        [130.5916],
        [254.2940],
        [ 74.1030],
        [ 30.9233],
        [ 66.2116],
        [217.2334],
        [220.5794],
        [ 14.4919],
        [ 76.9054],
        [250.6701],
        [ 44.4337],
        [236.0422],
        [ 59.1779],
        [ 33.0787],
        [153.1814],
        [ 94.1318],
        [210.0392],
        [ 58.6715],
        [207.7237]], device='cuda:0')
[2025-05-21 11:56:22,534][__main__][INFO] - Max logp: tensor([[186.2278],
        [168.2182],
        [248.9274],
        [246.7523],
        [106.2024],
        [221.1550],
        [214.9927],
        [ 32.5586],
        [231.1665],
        [240.0799],
        [199.4755],
        [220.1379],
        [ 78.9895],
        [245.7072],
        [241.1274],
        [243.1474],
        [258.3555],
        [248.1312],
        [244.9800],
        [237.5747]], device='cuda:0')
[2025-05-21 11:56:25,111][__main__][INFO] - Max logp: tensor([[214.4713],
        [ 36.0223],
        [231.8756],
        [230.1853],
        [238.0703],
        [260.6735],
        [ 16.5265],
        [281.6271],
        [ 72.0790],
        [ 41.5938],
        [235.6114],
        [231.7995],
        [131.7094],
        [206.3278],
        [ 97.7728],
        [ 44.9810],
        [255.5009],
        [147.4846],
        [ 86.6363],
        [205.6567]], device='cuda:0')
[2025-05-21 11:56:27,697][__main__][INFO] - Max logp: tensor([[229.0958],
        [ 47.3411],
        [233.3019],
        [238.1139],
        [ 75.1133],
        [248.9466],
        [ 21.7155],
        [192.3853],
        [214.8936],
        [224.9792],
        [174.2046],
        [202.0890],
        [230.2413],
        [206.1406],
        [137.8129],
        [208.8407],
        [ 13.9927],
        [198.6283],
        [188.4186],
        [220.2973]], device='cuda:0')
[2025-05-21 11:56:30,282][__main__][INFO] - Max logp: tensor([[213.4718],
        [260.0071],
        [189.8611],
        [261.9192],
        [ 49.8351],
        [163.1229],
        [229.9043],
        [167.6419],
        [ 88.9482],
        [210.5177],
        [ 36.0025],
        [250.1046],
        [ 41.1144],
        [ 95.2060],
        [212.7353],
        [ 36.5637],
        [ 31.8466],
        [254.2322],
        [ 43.6928],
        [152.3030]], device='cuda:0')
[2025-05-21 11:56:32,877][__main__][INFO] - Max logp: tensor([[184.5768],
        [227.7325],
        [219.4372],
        [115.6561],
        [ 33.8184],
        [186.4310],
        [ 96.4542],
        [254.2207],
        [202.0042],
        [237.4110],
        [ 35.3215],
        [156.0796],
        [208.8324],
        [235.7367],
        [121.4386],
        [247.5271],
        [ 28.6615],
        [262.9644],
        [ 44.7725],
        [222.5202]], device='cuda:0')
[2025-05-21 11:56:35,489][__main__][INFO] - Max logp: tensor([[243.7623],
        [ 42.3791],
        [191.7632],
        [ 12.6502],
        [ 18.7474],
        [259.7910],
        [238.7871],
        [ 63.0235],
        [254.0244],
        [245.1490],
        [ 22.4492],
        [256.2623],
        [209.9594],
        [207.9550],
        [ 68.2082],
        [178.4538],
        [ 26.2219],
        [248.7690],
        [209.2147],
        [282.4929]], device='cuda:0')
[2025-05-21 11:56:38,115][__main__][INFO] - Max logp: tensor([[ 72.3027],
        [ 89.2271],
        [112.0921],
        [264.3764],
        [210.8369],
        [ 98.1021],
        [227.6783],
        [235.3058],
        [218.0947],
        [210.5398],
        [163.2221],
        [256.2157],
        [ 30.5270],
        [ 63.8249],
        [229.8306],
        [ 67.6172],
        [161.9525],
        [213.6284],
        [174.6206],
        [117.7873]], device='cuda:0')
[2025-05-21 11:56:40,746][__main__][INFO] - Max logp: tensor([[238.1857],
        [217.1640],
        [130.7505],
        [173.2024],
        [240.4540],
        [258.4238],
        [ 54.2343],
        [281.4209],
        [170.4643],
        [225.9915],
        [194.9228],
        [258.1833],
        [ 67.0230],
        [ 68.0497],
        [218.9698],
        [ 18.9236],
        [245.5001],
        [161.9451],
        [230.3862],
        [264.3287]], device='cuda:0')
[2025-05-21 11:56:43,609][__main__][INFO] - Max logp: tensor([[240.8465],
        [117.2590],
        [117.7815],
        [ 81.8264],
        [216.9674],
        [ 43.5106],
        [ 25.8824],
        [229.1140],
        [243.5036],
        [269.5387],
        [235.2616],
        [235.9382],
        [ 24.6293],
        [200.0061],
        [260.3736],
        [ 50.6886],
        [237.3471],
        [146.5241],
        [212.5802],
        [ 29.3418]], device='cuda:0')
[2025-05-21 11:56:46,252][__main__][INFO] - Max logp: tensor([[ 99.3666],
        [ 65.9297],
        [229.8009],
        [ 56.3749],
        [225.6164],
        [129.4307],
        [189.4024],
        [ 32.9447],
        [238.6895],
        [235.8868],
        [234.5501],
        [225.5423],
        [271.4016],
        [215.1722],
        [224.2690],
        [205.1625],
        [ 39.6165],
        [210.9352],
        [196.6627],
        [203.7574]], device='cuda:0')
[2025-05-21 11:56:48,898][__main__][INFO] - Max logp: tensor([[190.4555],
        [ 49.9170],
        [187.9266],
        [ 59.0743],
        [ 40.2584],
        [ 30.2262],
        [140.3177],
        [ 86.0513],
        [265.8828],
        [ 24.3446],
        [280.4053],
        [174.1482],
        [115.9836],
        [203.1043],
        [249.0745],
        [208.2669],
        [210.9548],
        [125.7482],
        [221.2898],
        [ 85.4467]], device='cuda:0')
[2025-05-21 11:56:51,556][__main__][INFO] - Max logp: tensor([[254.2848],
        [216.2640],
        [185.3647],
        [ 84.3802],
        [246.7695],
        [ 80.0898],
        [200.8875],
        [184.8613],
        [210.2856],
        [248.5479],
        [ 75.8198],
        [238.6074],
        [220.4859],
        [ 88.7333],
        [116.3488],
        [287.0069],
        [214.2500],
        [221.2425],
        [205.8274],
        [123.2751]], device='cuda:0')
[2025-05-21 11:56:54,226][__main__][INFO] - Max logp: tensor([[229.0685],
        [ 98.9414],
        [269.9896],
        [ 96.5790],
        [285.2982],
        [ 63.6725],
        [178.7692],
        [245.2596],
        [ 35.9932],
        [208.9949],
        [236.0018],
        [247.8856],
        [289.2565],
        [231.4534],
        [166.8638],
        [248.0960],
        [240.6449],
        [219.1748],
        [229.7018],
        [ 95.3986]], device='cuda:0')
[2025-05-21 11:56:56,910][__main__][INFO] - Max logp: tensor([[199.3965],
        [125.3934],
        [206.7869],
        [206.7321],
        [172.8788],
        [255.6417],
        [ 39.7430],
        [161.4665],
        [ 25.1549],
        [235.2755],
        [ 48.8092],
        [ 96.1921],
        [ 63.9063],
        [190.0284],
        [ 36.2424],
        [222.7179],
        [ 36.4141],
        [ 16.0890],
        [226.7372],
        [257.7395]], device='cuda:0')
[2025-05-21 11:56:59,603][__main__][INFO] - Max logp: tensor([[ 58.9126],
        [200.3436],
        [ 64.9000],
        [202.6996],
        [ 65.5861],
        [ 68.6858],
        [ 49.4055],
        [232.7718],
        [272.8293],
        [ 14.7962],
        [118.0528],
        [143.1611],
        [113.5375],
        [224.9444],
        [ 26.2916],
        [251.9270],
        [ 64.8383],
        [243.5800],
        [194.9987],
        [172.0166]], device='cuda:0')
[2025-05-21 11:57:02,303][__main__][INFO] - Max logp: tensor([[200.5846],
        [ 59.2252],
        [ 89.7601],
        [ 27.7259],
        [271.6104],
        [219.6902],
        [259.5628],
        [196.9069],
        [225.1793],
        [250.2494],
        [ 20.5368],
        [ 69.8299],
        [188.2808],
        [162.2819],
        [222.4450],
        [234.3133],
        [103.9052],
        [108.9437],
        [ 13.0713],
        [145.2305]], device='cuda:0')
[2025-05-21 11:57:05,047][__main__][INFO] - Max logp: tensor([[107.1796],
        [226.4967],
        [135.4797],
        [310.6475],
        [244.4476],
        [270.1034],
        [277.9839],
        [ 18.8462],
        [175.3067],
        [ 90.8690],
        [192.2839],
        [114.6522],
        [229.8234],
        [227.0549],
        [213.6860],
        [ 69.2609],
        [ 23.9623],
        [276.4657],
        [111.6005],
        [249.9625]], device='cuda:0')
[2025-05-21 11:57:07,752][__main__][INFO] - Max logp: tensor([[ 31.4305],
        [181.6698],
        [211.1029],
        [149.2111],
        [256.5280],
        [ 46.0777],
        [ 24.9157],
        [ 39.8159],
        [ 98.7586],
        [151.1925],
        [ 50.6344],
        [209.6604],
        [264.4630],
        [ 36.1579],
        [223.3065],
        [209.0173],
        [188.9788],
        [216.9680],
        [252.6833],
        [205.3537]], device='cuda:0')
