[2025-05-21 11:59:55,096][__main__][INFO] - Data collection starts!
[2025-05-21 11:59:57,461][__main__][INFO] - Collected 621 valid episodes
[2025-05-21 11:59:57,462][__main__][INFO] - Data collection finished!
[2025-05-21 11:59:57,462][__main__][INFO] - Transforming list to numpy array...
[2025-05-21 11:59:57,506][__main__][INFO] - Data processing finished!
[2025-05-21 11:59:57,765][__main__][INFO] - obs_dim = 59, act_dim = 9
[2025-05-21 11:59:57,766][__main__][INFO] - Building models...
[2025-05-21 11:59:58,340][__main__][INFO] - Creating agent...
[2025-05-21 12:00:03,394][__main__][INFO] - Max logp: tensor([[191.9162],
        [ 96.5837],
        [156.6850],
        [266.9316],
        [ 75.2786],
        [ 38.9996],
        [234.1932],
        [122.2955],
        [126.3745],
        [128.3216]], device='cuda:0')
[2025-05-21 12:00:06,640][__main__][INFO] - Max logp: tensor([[219.3099],
        [ 69.0412],
        [ 50.1844],
        [253.3751],
        [ 36.0581],
        [249.8852],
        [224.2796],
        [ 83.1240],
        [ 36.7462],
        [ 69.8055]], device='cuda:0')
[2025-05-21 12:00:09,865][__main__][INFO] - Max logp: tensor([[ 59.0121],
        [269.1450],
        [244.3058],
        [ 82.4612],
        [ 36.8986],
        [101.7157],
        [209.0374],
        [224.9570],
        [212.2359],
        [182.7778]], device='cuda:0')
[2025-05-21 12:00:13,117][__main__][INFO] - Max logp: tensor([[182.0557],
        [ 26.2074],
        [218.8963],
        [ 34.1676],
        [229.7330],
        [266.6694],
        [224.8209],
        [246.5419],
        [228.1195],
        [129.4297]], device='cuda:0')
[2025-05-21 12:00:16,386][__main__][INFO] - Max logp: tensor([[224.7301],
        [ 58.4154],
        [240.3738],
        [234.9285],
        [248.3622],
        [238.1020],
        [206.4036],
        [192.8504],
        [127.0270],
        [196.6579]], device='cuda:0')
[2025-05-21 12:00:19,650][__main__][INFO] - Max logp: tensor([[252.6769],
        [ 32.0342],
        [248.4128],
        [239.1842],
        [ 63.0559],
        [227.6558],
        [246.0406],
        [216.3705],
        [203.2763],
        [209.6119]], device='cuda:0')
[2025-05-21 12:00:22,917][__main__][INFO] - Max logp: tensor([[132.4485],
        [156.2802],
        [158.5649],
        [225.5083],
        [ 58.7252],
        [212.8122],
        [250.5505],
        [259.3085],
        [217.7601],
        [221.2827]], device='cuda:0')
[2025-05-21 12:00:26,188][__main__][INFO] - Max logp: tensor([[277.2130],
        [168.0593],
        [217.7831],
        [230.5308],
        [ 52.9104],
        [137.8661],
        [227.2722],
        [235.5958],
        [225.5052],
        [226.4451]], device='cuda:0')
[2025-05-21 12:00:29,453][__main__][INFO] - Max logp: tensor([[167.8259],
        [213.0694],
        [ 78.1859],
        [238.6786],
        [121.7028],
        [270.7079],
        [229.7110],
        [234.8619],
        [249.5838],
        [250.1542]], device='cuda:0')
[2025-05-21 12:00:32,913][__main__][INFO] - Max logp: tensor([[184.5128],
        [120.5129],
        [236.5196],
        [ 73.4770],
        [199.8168],
        [ 50.8901],
        [195.6819],
        [261.0788],
        [244.9081],
        [259.6689]], device='cuda:0')
[2025-05-21 12:00:36,170][__main__][INFO] - Max logp: tensor([[205.8165],
        [193.7473],
        [248.4247],
        [243.7865],
        [ 30.7058],
        [ 42.2185],
        [ 64.9984],
        [250.1799],
        [244.3427],
        [253.6522]], device='cuda:0')
[2025-05-21 12:00:39,437][__main__][INFO] - Max logp: tensor([[205.1314],
        [246.3642],
        [223.3604],
        [ 58.0273],
        [214.9156],
        [ 19.8842],
        [ 23.0233],
        [ 54.1466],
        [ 51.9240],
        [237.2868]], device='cuda:0')
[2025-05-21 12:00:42,710][__main__][INFO] - Max logp: tensor([[270.1884],
        [125.2555],
        [ 50.3924],
        [135.2830],
        [227.1068],
        [ 51.6161],
        [ 40.4427],
        [276.1537],
        [131.2017],
        [ 39.3655]], device='cuda:0')
[2025-05-21 12:00:45,961][__main__][INFO] - Max logp: tensor([[ 33.5564],
        [ 71.1812],
        [199.1808],
        [138.8418],
        [226.0459],
        [264.8394],
        [ 91.8000],
        [204.9965],
        [ 58.9351],
        [214.1820]], device='cuda:0')
[2025-05-21 12:00:49,207][__main__][INFO] - Max logp: tensor([[212.5284],
        [ 30.7670],
        [ 75.5457],
        [263.8889],
        [134.8459],
        [227.4099],
        [111.5821],
        [ 40.4380],
        [ 52.1882],
        [231.0068]], device='cuda:0')
[2025-05-21 12:00:52,485][__main__][INFO] - Max logp: tensor([[ 61.9441],
        [207.0888],
        [136.6239],
        [212.9966],
        [ 71.3700],
        [246.2974],
        [ 38.5579],
        [232.2210],
        [166.0592],
        [232.0631]], device='cuda:0')
[2025-05-21 12:00:55,743][__main__][INFO] - Max logp: tensor([[ 64.9384],
        [ 29.2461],
        [ 68.8205],
        [ 84.8990],
        [ 36.4328],
        [ 29.2576],
        [ 46.1626],
        [ 65.7032],
        [226.3719],
        [179.3840]], device='cuda:0')
[2025-05-21 12:00:58,989][__main__][INFO] - Max logp: tensor([[196.4951],
        [245.3161],
        [ 85.2548],
        [ 30.6202],
        [227.9480],
        [184.4632],
        [243.9261],
        [ 42.7418],
        [230.2071],
        [289.6821]], device='cuda:0')
[2025-05-21 12:01:02,257][__main__][INFO] - Max logp: tensor([[136.9236],
        [140.8138],
        [ 60.6597],
        [ 30.0063],
        [ 66.9764],
        [253.1477],
        [230.0312],
        [ 16.7359],
        [ 88.0978],
        [ 34.2914]], device='cuda:0')
[2025-05-21 12:01:05,532][__main__][INFO] - Max logp: tensor([[ 99.9744],
        [104.7722],
        [ 20.8082],
        [ 41.8793],
        [ 73.5948],
        [170.6124],
        [166.9769],
        [186.0281],
        [210.3766],
        [153.0178]], device='cuda:0')
[2025-05-21 12:01:08,781][__main__][INFO] - Max logp: tensor([[134.6368],
        [270.8656],
        [ 86.2222],
        [262.2716],
        [206.4537],
        [ 59.4173],
        [183.4481],
        [177.9780],
        [ 22.4637],
        [217.3674]], device='cuda:0')
[2025-05-21 12:01:12,089][__main__][INFO] - Max logp: tensor([[ 50.4370],
        [132.9151],
        [216.7162],
        [ 57.0997],
        [269.1948],
        [ 32.4049],
        [213.4395],
        [ 74.7795],
        [126.0669],
        [ 44.0772]], device='cuda:0')
[2025-05-21 12:01:15,568][__main__][INFO] - Max logp: tensor([[ 23.0311],
        [ 53.2390],
        [236.4980],
        [258.9179],
        [238.9051],
        [169.4154],
        [122.7193],
        [196.0148],
        [256.6183],
        [163.4815]], device='cuda:0')
[2025-05-21 12:01:18,842][__main__][INFO] - Max logp: tensor([[174.2283],
        [188.1618],
        [246.2874],
        [231.4104],
        [248.0248],
        [251.8482],
        [251.0691],
        [167.5551],
        [239.4922],
        [238.1216]], device='cuda:0')
[2025-05-21 12:01:22,116][__main__][INFO] - Max logp: tensor([[ 45.3230],
        [251.4227],
        [ 68.4654],
        [ 20.2166],
        [ 57.0649],
        [ 73.6489],
        [186.7150],
        [ 36.6707],
        [270.6745],
        [136.6314]], device='cuda:0')
[2025-05-21 12:01:25,428][__main__][INFO] - Max logp: tensor([[250.6079],
        [258.2820],
        [ 58.5147],
        [190.1879],
        [217.1536],
        [ 35.6564],
        [212.5065],
        [ 70.7724],
        [234.2000],
        [ 56.8898]], device='cuda:0')
[2025-05-21 12:01:28,717][__main__][INFO] - Max logp: tensor([[165.2135],
        [261.2321],
        [ 36.6580],
        [205.3322],
        [ 76.0220],
        [239.5441],
        [197.5083],
        [230.2659],
        [261.7533],
        [203.0288]], device='cuda:0')
[2025-05-21 12:01:31,990][__main__][INFO] - Max logp: tensor([[253.6196],
        [272.7092],
        [ 45.4298],
        [188.3989],
        [ 30.6968],
        [261.0910],
        [284.5695],
        [242.7999],
        [247.3998],
        [239.2809]], device='cuda:0')
[2025-05-21 12:01:35,236][__main__][INFO] - Max logp: tensor([[234.9920],
        [230.7369],
        [ 21.4695],
        [215.9931],
        [270.4268],
        [ 91.4558],
        [160.5139],
        [172.9770],
        [ 54.0652],
        [ 60.8645]], device='cuda:0')
[2025-05-21 12:01:38,509][__main__][INFO] - Max logp: tensor([[ 80.8362],
        [104.6590],
        [ 96.3597],
        [221.3756],
        [124.2818],
        [113.8179],
        [187.4246],
        [ 49.5545],
        [227.9338],
        [ 62.0365]], device='cuda:0')
[2025-05-21 12:01:41,780][__main__][INFO] - Max logp: tensor([[158.8016],
        [251.5330],
        [242.9064],
        [162.2856],
        [265.1736],
        [236.2684],
        [215.4741],
        [153.1045],
        [259.1813],
        [166.1096]], device='cuda:0')
[2025-05-21 12:01:45,039][__main__][INFO] - Max logp: tensor([[214.0549],
        [226.0055],
        [253.1238],
        [246.6242],
        [260.0526],
        [ 81.9700],
        [153.5197],
        [201.8140],
        [233.7030],
        [228.4927]], device='cuda:0')
[2025-05-21 12:01:48,285][__main__][INFO] - Max logp: tensor([[187.9139],
        [ 60.3353],
        [ 97.6189],
        [ 60.0325],
        [231.9718],
        [ 78.4907],
        [ 47.1920],
        [248.6332],
        [211.5815],
        [ 71.7662]], device='cuda:0')
[2025-05-21 12:01:51,569][__main__][INFO] - Max logp: tensor([[131.7230],
        [226.9723],
        [ 91.5332],
        [166.9800],
        [ 36.2071],
        [204.9616],
        [196.0186],
        [236.2539],
        [166.3831],
        [ 97.5467]], device='cuda:0')
[2025-05-21 12:01:54,825][__main__][INFO] - Max logp: tensor([[178.0132],
        [ 78.6886],
        [ 55.9880],
        [ 36.2884],
        [153.9541],
        [237.6297],
        [221.4605],
        [240.0465],
        [147.4744],
        [ 70.5154]], device='cuda:0')
[2025-05-21 12:01:58,088][__main__][INFO] - Max logp: tensor([[254.2074],
        [229.6308],
        [236.3095],
        [ 53.7468],
        [229.7822],
        [209.1933],
        [ 34.4256],
        [141.9982],
        [240.9212],
        [189.3725]], device='cuda:0')
[2025-05-21 12:02:01,375][__main__][INFO] - Max logp: tensor([[239.8521],
        [250.7893],
        [210.5333],
        [ 85.2727],
        [240.2301],
        [210.6795],
        [237.7744],
        [227.5005],
        [286.6914],
        [ 64.8169]], device='cuda:0')
[2025-05-21 12:02:04,992][__main__][INFO] - Max logp: tensor([[181.0924],
        [146.3261],
        [157.5460],
        [205.4111],
        [248.3548],
        [117.5719],
        [226.2133],
        [234.8359],
        [207.5509],
        [204.9088]], device='cuda:0')
[2025-05-21 12:02:08,278][__main__][INFO] - Max logp: tensor([[ 59.4870],
        [218.1795],
        [213.1478],
        [235.6190],
        [254.8426],
        [124.1079],
        [ 23.4994],
        [ 39.9851],
        [178.0128],
        [ 82.7620]], device='cuda:0')
[2025-05-21 12:02:21,265][__main__][INFO] - Max logp: tensor([[ 42.3903],
        [220.9487],
        [168.8440],
        [121.6506],
        [211.5428],
        [224.2579],
        [221.9859],
        [226.2857],
        [216.6317],
        [217.0440]], device='cuda:0')
[2025-05-21 12:02:26,363][__main__][INFO] - Max logp: tensor([[100.3312],
        [120.1460],
        [142.9368],
        [ 52.3793],
        [ 39.2050],
        [176.7665],
        [265.3015],
        [230.1309],
        [184.7557],
        [209.6307]], device='cuda:0')
